<html>
<head>
<title>TestNG:  Test</title>
<link href="../testng.css" rel="stylesheet" type="text/css" />
<link href="../my-testng.css" rel="stylesheet" type="text/css" />

<style type="text/css">
.log { display: none;} 
.stack-trace { display: none;} 
</style>
<script type="text/javascript">
<!--
function flip(e) {
  current = e.style.display;
  if (current == 'block') {
    e.style.display = 'none';
    return 0;
  }
  else {
    e.style.display = 'block';
    return 1;
  }
}

function toggleBox(szDivId, elem, msg1, msg2)
{
  var res = -1;  if (document.getElementById) {
    res = flip(document.getElementById(szDivId));
  }
  else if (document.all) {
    // this is the way old msie versions work
    res = flip(document.all[szDivId]);
  }
  if(elem) {
    if(res == 0) elem.innerHTML = msg1; else elem.innerHTML = msg2;
  }

}

function toggleAllBoxes() {
  if (document.getElementsByTagName) {
    d = document.getElementsByTagName('div');
    for (i = 0; i < d.length; i++) {
      if (d[i].className == 'log') {
        flip(d[i]);
      }
    }
  }
}

// -->
</script>

</head>
<body>
<h2 align='center'>Test</h2><table border='1' align="center">
<tr>
<td>Tests passed/Failed/Skipped:</td><td>6/1/0</td>
</tr><tr>
<td>Started on:</td><td>Sat Feb 13 16:10:58 IST 2021</td>
</tr>
<tr><td>Total time:</td><td>1997 seconds (1997594 ms)</td>
</tr><tr>
<td>Included groups:</td><td></td>
</tr><tr>
<td>Excluded groups:</td><td></td>
</tr>
</table><p/>
<small><i>(Hover the method name to see the test class name)</i></small><p/>
<table width='100%' border='1' class='invocation-failed'>
<tr><td colspan='4' align='center'><b>FAILED TESTS</b></td></tr>
<tr><td><b>Test method</b></td>
<td width="30%"><b>Exception</b></td>
<td width="10%"><b>Time (seconds)</b></td>
<td><b>Instance</b></td>
</tr>
<tr>
<td title='testScripts.TestGeneric.TC07()'><b>TC07</b><br>Test class: testScripts.TestGeneric</td>
<td><div><pre>java.lang.AssertionError: expected [true] but found [false]
	at frameworkLibrary.ReportLibrary.reportEvent(ReportLibrary.java:72)
	at applicationPages.NewDLSlotBookingPage.Clickon_Next(NewDLSlotBookingPage.java:409)
	at applicationPages.Flows.LL_DL_ServiceSlotbooking(Flows.java:414)
	at applicationPages.Flows.Initiate_Public_Flows(Flows.java:162)
	at applicationPages.Flows.Verify_ApplicationCurrentStatus(Flows.java:96)
	at applicationPages.Flows.VerifyFlows(Flows.java:87)
	at applicationPages.DLServices.SelcectService(DLServices.java:1108)
	at applicationPages.DLServices.Continuewithdetails(DLServices.java:1788)
	at applicationPages.DLServices.Clickon_ServicesonDL(DLServices.java:62)
	at applicationPages.DLModule.Validate_Service(DLModule.java:401)
	at testScripts.TestGeneric.TC07(TestGeneric.java:133)
... Removed 29 stack frames</pre></div><a href='#' onClick='toggleBox("stack-trace993174861", this, "Click to show all stack frames", "Click to hide stack frames")'>Click to show all stack frames</a>
<div class='stack-trace' id='stack-trace993174861'><pre>java.lang.AssertionError: expected [true] but found [false]
	at org.testng.Assert.fail(Assert.java:94)
	at org.testng.Assert.failNotEquals(Assert.java:496)
	at org.testng.Assert.assertEquals(Assert.java:125)
	at org.testng.Assert.assertEquals(Assert.java:288)
	at org.testng.Assert.assertEquals(Assert.java:298)
	at frameworkLibrary.ReportLibrary.reportEvent(ReportLibrary.java:72)
	at applicationPages.NewDLSlotBookingPage.Clickon_Next(NewDLSlotBookingPage.java:409)
	at applicationPages.Flows.LL_DL_ServiceSlotbooking(Flows.java:414)
	at applicationPages.Flows.Initiate_Public_Flows(Flows.java:162)
	at applicationPages.Flows.Verify_ApplicationCurrentStatus(Flows.java:96)
	at applicationPages.Flows.VerifyFlows(Flows.java:87)
	at applicationPages.DLServices.SelcectService(DLServices.java:1108)
	at applicationPages.DLServices.Continuewithdetails(DLServices.java:1788)
	at applicationPages.DLServices.Clickon_ServicesonDL(DLServices.java:62)
	at applicationPages.DLModule.Validate_Service(DLModule.java:401)
	at testScripts.TestGeneric.TC07(TestGeneric.java:133)
	at sun.reflect.NativeMethodAccessorImpl.invoke0(Native Method)
	at sun.reflect.NativeMethodAccessorImpl.invoke(NativeMethodAccessorImpl.java:62)
	at sun.reflect.DelegatingMethodAccessorImpl.invoke(DelegatingMethodAccessorImpl.java:43)
	at java.lang.reflect.Method.invoke(Method.java:498)
	at org.testng.internal.MethodInvocationHelper.invokeMethod(MethodInvocationHelper.java:85)
	at org.testng.internal.Invoker.invokeMethod(Invoker.java:639)
	at org.testng.internal.Invoker.invokeTestMethod(Invoker.java:816)
	at org.testng.internal.Invoker.invokeTestMethods(Invoker.java:1124)
	at org.testng.internal.TestMethodWorker.invokeTestMethods(TestMethodWorker.java:125)
	at org.testng.internal.TestMethodWorker.run(TestMethodWorker.java:108)
	at org.testng.TestRunner.privateRun(TestRunner.java:774)
	at org.testng.TestRunner.run(TestRunner.java:624)
	at org.testng.SuiteRunner.runTest(SuiteRunner.java:359)
	at org.testng.SuiteRunner.runSequentially(SuiteRunner.java:354)
	at org.testng.SuiteRunner.privateRun(SuiteRunner.java:312)
	at org.testng.SuiteRunner.run(SuiteRunner.java:261)
	at org.testng.SuiteRunnerWorker.runSuite(SuiteRunnerWorker.java:52)
	at org.testng.SuiteRunnerWorker.run(SuiteRunnerWorker.java:86)
	at org.testng.TestNG.runSuitesSequentially(TestNG.java:1191)
	at org.testng.TestNG.runSuitesLocally(TestNG.java:1116)
	at org.testng.TestNG.run(TestNG.java:1024)
	at org.testng.remote.AbstractRemoteTestNG.run(AbstractRemoteTestNG.java:114)
	at org.testng.remote.RemoteTestNG.initAndRun(RemoteTestNG.java:251)
	at org.testng.remote.RemoteTestNG.main(RemoteTestNG.java:77)
</pre></div></td>
<td>197</td>
<td>testScripts.TestGeneric@64bfbc86</td></tr>
</table><p>
<table width='100%' border='1' class='invocation-passed'>
<tr><td colspan='4' align='center'><b>PASSED TESTS</b></td></tr>
<tr><td><b>Test method</b></td>
<td width="30%"><b>Exception</b></td>
<td width="10%"><b>Time (seconds)</b></td>
<td><b>Instance</b></td>
</tr>
<tr>
<td title='testScripts.TestGeneric.TC01()'><b>TC01</b><br>Test class: testScripts.TestGeneric</td>
<td></td>
<td>495</td>
<td>testScripts.TestGeneric@64bfbc86</td></tr>
<tr>
<td title='testScripts.TestGeneric.TC02()'><b>TC02</b><br>Test class: testScripts.TestGeneric</td>
<td></td>
<td>286</td>
<td>testScripts.TestGeneric@64bfbc86</td></tr>
<tr>
<td title='testScripts.TestGeneric.TC03()'><b>TC03</b><br>Test class: testScripts.TestGeneric</td>
<td></td>
<td>87</td>
<td>testScripts.TestGeneric@64bfbc86</td></tr>
<tr>
<td title='testScripts.TestGeneric.TC04()'><b>TC04</b><br>Test class: testScripts.TestGeneric</td>
<td></td>
<td>318</td>
<td>testScripts.TestGeneric@64bfbc86</td></tr>
<tr>
<td title='testScripts.TestGeneric.TC05()'><b>TC05</b><br>Test class: testScripts.TestGeneric</td>
<td></td>
<td>182</td>
<td>testScripts.TestGeneric@64bfbc86</td></tr>
<tr>
<td title='testScripts.TestGeneric.TC06()'><b>TC06</b><br>Test class: testScripts.TestGeneric</td>
<td></td>
<td>363</td>
<td>testScripts.TestGeneric@64bfbc86</td></tr>
</table><p>
</body>
</html>