<?xml version="1.0" encoding="UTF-8"?>
<!-- Generated by org.testng.reporters.JUnitReportReporter -->
<testsuite hostname="DESKTOP-FEL46G5" name="testScripts.GenericCases" tests="2" failures="0" timestamp="8 Feb 2021 10:55:13 GMT" time="1.407" errors="2">
  <testcase name="NewLL_Public" time="1.391" classname="testScripts.GenericCases">
    <error type="org.openqa.selenium.SessionNotCreatedException" message="session not created
from chrome not reachable
  (Session info: chrome=88.0.4324.146)
Build info: version: &#039;3.14.0&#039;, revision: &#039;aacccce0&#039;, time: &#039;2018-08-02T20:19:58.91Z&#039;
System info: host: &#039;DESKTOP-FEL46G5&#039;, ip: &#039;192.168.1.5&#039;, os.name: &#039;Windows 10&#039;, os.arch: &#039;amd64&#039;, os.version: &#039;10.0&#039;, java.version: &#039;1.8.0_261&#039;
Driver info: driver.version: ChromeDriver
remote stacktrace: Backtrace:
	Ordinal0 [0x00E0ECE3+3337443]
	Ordinal0 [0x00CEF041+2158657]
	Ordinal0 [0x00B76E50+618064]
	Ordinal0 [0x00B6D114+577812]
	Ordinal0 [0x00B6D7DB+579547]
	Ordinal0 [0x00B6EA45+584261]
	Ordinal0 [0x00B69A71+563825]
	Ordinal0 [0x00B77FD0+622544]
	Ordinal0 [0x00B16B2D+224045]
	Ordinal0 [0x00B15BFC+220156]
	Ordinal0 [0x00B1181B+202779]
	Ordinal0 [0x00AF3D74+81268]
	Ordinal0 [0x00AF4D6E+85358]
	Ordinal0 [0x00AF4CF9+85241]
	Ordinal0 [0x00D06F2C+2256684]
	GetHandleVerifier [0x00F92FAC+1478332]
	GetHandleVerifier [0x00F92AFD+1477133]
	GetHandleVerifier [0x00F9AAD8+1509864]
	GetHandleVerifier [0x00F9369E+1480110]
	Ordinal0 [0x00CFD6BD+2217661]
	Ordinal0 [0x00D089AB+2263467]
	Ordinal0 [0x00D08AEF+2263791]
	Ordinal0 [0x00D1D363+2347875]
	BaseThreadInitThunk [0x76B26359+25]
	RtlGetAppContainerNamedObjectPath [0x77188944+228]
	RtlGetAppContainerNamedObjectPath [0x77188914+180]
">
      <![CDATA[org.openqa.selenium.SessionNotCreatedException: session not created
from chrome not reachable
  (Session info: chrome=88.0.4324.146)
Build info: version: '3.14.0', revision: 'aacccce0', time: '2018-08-02T20:19:58.91Z'
System info: host: 'DESKTOP-FEL46G5', ip: '192.168.1.5', os.name: 'Windows 10', os.arch: 'amd64', os.version: '10.0', java.version: '1.8.0_261'
Driver info: driver.version: ChromeDriver
remote stacktrace: Backtrace:
	Ordinal0 [0x00E0ECE3+3337443]
	Ordinal0 [0x00CEF041+2158657]
	Ordinal0 [0x00B76E50+618064]
	Ordinal0 [0x00B6D114+577812]
	Ordinal0 [0x00B6D7DB+579547]
	Ordinal0 [0x00B6EA45+584261]
	Ordinal0 [0x00B69A71+563825]
	Ordinal0 [0x00B77FD0+622544]
	Ordinal0 [0x00B16B2D+224045]
	Ordinal0 [0x00B15BFC+220156]
	Ordinal0 [0x00B1181B+202779]
	Ordinal0 [0x00AF3D74+81268]
	Ordinal0 [0x00AF4D6E+85358]
	Ordinal0 [0x00AF4CF9+85241]
	Ordinal0 [0x00D06F2C+2256684]
	GetHandleVerifier [0x00F92FAC+1478332]
	GetHandleVerifier [0x00F92AFD+1477133]
	GetHandleVerifier [0x00F9AAD8+1509864]
	GetHandleVerifier [0x00F9369E+1480110]
	Ordinal0 [0x00CFD6BD+2217661]
	Ordinal0 [0x00D089AB+2263467]
	Ordinal0 [0x00D08AEF+2263791]
	Ordinal0 [0x00D1D363+2347875]
	BaseThreadInitThunk [0x76B26359+25]
	RtlGetAppContainerNamedObjectPath [0x77188944+228]
	RtlGetAppContainerNamedObjectPath [0x77188914+180]

	at sun.reflect.NativeConstructorAccessorImpl.newInstance0(Native Method)
	at sun.reflect.NativeConstructorAccessorImpl.newInstance(NativeConstructorAccessorImpl.java:62)
	at sun.reflect.DelegatingConstructorAccessorImpl.newInstance(DelegatingConstructorAccessorImpl.java:45)
	at java.lang.reflect.Constructor.newInstance(Constructor.java:423)
	at org.openqa.selenium.remote.W3CHandshakeResponse.lambda$new$0(W3CHandshakeResponse.java:57)
	at org.openqa.selenium.remote.W3CHandshakeResponse.lambda$getResponseFunction$2(W3CHandshakeResponse.java:104)
	at org.openqa.selenium.remote.ProtocolHandshake.lambda$createSession$0(ProtocolHandshake.java:122)
	at java.util.stream.ReferencePipeline$3$1.accept(ReferencePipeline.java:193)
	at java.util.Spliterators$ArraySpliterator.tryAdvance(Spliterators.java:958)
	at java.util.stream.ReferencePipeline.forEachWithCancel(ReferencePipeline.java:126)
	at java.util.stream.AbstractPipeline.copyIntoWithCancel(AbstractPipeline.java:499)
	at java.util.stream.AbstractPipeline.copyInto(AbstractPipeline.java:486)
	at java.util.stream.AbstractPipeline.wrapAndCopyInto(AbstractPipeline.java:472)
	at java.util.stream.FindOps$FindOp.evaluateSequential(FindOps.java:152)
	at java.util.stream.AbstractPipeline.evaluate(AbstractPipeline.java:234)
	at java.util.stream.ReferencePipeline.findFirst(ReferencePipeline.java:464)
	at org.openqa.selenium.remote.ProtocolHandshake.createSession(ProtocolHandshake.java:125)
	at org.openqa.selenium.remote.ProtocolHandshake.createSession(ProtocolHandshake.java:73)
	at org.openqa.selenium.remote.HttpCommandExecutor.execute(HttpCommandExecutor.java:136)
	at org.openqa.selenium.remote.service.DriverCommandExecutor.execute(DriverCommandExecutor.java:83)
	at org.openqa.selenium.remote.RemoteWebDriver.execute(RemoteWebDriver.java:548)
	at org.openqa.selenium.remote.RemoteWebDriver.startSession(RemoteWebDriver.java:212)
	at org.openqa.selenium.remote.RemoteWebDriver.<init>(RemoteWebDriver.java:130)
	at org.openqa.selenium.chrome.ChromeDriver.<init>(ChromeDriver.java:181)
	at org.openqa.selenium.chrome.ChromeDriver.<init>(ChromeDriver.java:168)
	at org.openqa.selenium.chrome.ChromeDriver.<init>(ChromeDriver.java:157)
	at testScripts.GenericCases.Predatacheck(GenericCases.java:58)
	at sun.reflect.NativeMethodAccessorImpl.invoke0(Native Method)
	at sun.reflect.NativeMethodAccessorImpl.invoke(NativeMethodAccessorImpl.java:62)
	at sun.reflect.DelegatingMethodAccessorImpl.invoke(DelegatingMethodAccessorImpl.java:43)
	at java.lang.reflect.Method.invoke(Method.java:498)
	at org.testng.internal.MethodInvocationHelper.invokeMethod(MethodInvocationHelper.java:85)
	at org.testng.internal.Invoker.invokeConfigurationMethod(Invoker.java:510)
	at org.testng.internal.Invoker.invokeConfigurations(Invoker.java:211)
	at org.testng.internal.Invoker.invokeMethod(Invoker.java:585)
	at org.testng.internal.Invoker.invokeTestMethod(Invoker.java:816)
	at org.testng.internal.Invoker.invokeTestMethods(Invoker.java:1124)
	at org.testng.internal.TestMethodWorker.invokeTestMethods(TestMethodWorker.java:125)
	at org.testng.internal.TestMethodWorker.run(TestMethodWorker.java:108)
	at org.testng.TestRunner.privateRun(TestRunner.java:774)
	at org.testng.TestRunner.run(TestRunner.java:624)
	at org.testng.SuiteRunner.runTest(SuiteRunner.java:359)
	at org.testng.SuiteRunner.runSequentially(SuiteRunner.java:354)
	at org.testng.SuiteRunner.privateRun(SuiteRunner.java:312)
	at org.testng.SuiteRunner.run(SuiteRunner.java:261)
	at org.testng.SuiteRunnerWorker.runSuite(SuiteRunnerWorker.java:52)
	at org.testng.SuiteRunnerWorker.run(SuiteRunnerWorker.java:86)
	at org.testng.TestNG.runSuitesSequentially(TestNG.java:1191)
	at org.testng.TestNG.runSuitesLocally(TestNG.java:1116)
	at org.testng.TestNG.run(TestNG.java:1024)
	at org.testng.remote.AbstractRemoteTestNG.run(AbstractRemoteTestNG.java:114)
	at org.testng.remote.RemoteTestNG.initAndRun(RemoteTestNG.java:251)
	at org.testng.remote.RemoteTestNG.main(RemoteTestNG.java:77)
]]>
    </error>
  </testcase> <!-- NewLL_Public -->
  <testcase name="NewDL_Public" time="0.016" classname="testScripts.GenericCases">
    <error type="org.openqa.selenium.SessionNotCreatedException" message="session not created
from chrome not reachable
  (Session info: chrome=88.0.4324.146)
Build info: version: &#039;3.14.0&#039;, revision: &#039;aacccce0&#039;, time: &#039;2018-08-02T20:19:58.91Z&#039;
System info: host: &#039;DESKTOP-FEL46G5&#039;, ip: &#039;192.168.1.5&#039;, os.name: &#039;Windows 10&#039;, os.arch: &#039;amd64&#039;, os.version: &#039;10.0&#039;, java.version: &#039;1.8.0_261&#039;
Driver info: driver.version: ChromeDriver
remote stacktrace: Backtrace:
	Ordinal0 [0x00E0ECE3+3337443]
	Ordinal0 [0x00CEF041+2158657]
	Ordinal0 [0x00B76E50+618064]
	Ordinal0 [0x00B6D114+577812]
	Ordinal0 [0x00B6D7DB+579547]
	Ordinal0 [0x00B6EA45+584261]
	Ordinal0 [0x00B69A71+563825]
	Ordinal0 [0x00B77FD0+622544]
	Ordinal0 [0x00B16B2D+224045]
	Ordinal0 [0x00B15BFC+220156]
	Ordinal0 [0x00B1181B+202779]
	Ordinal0 [0x00AF3D74+81268]
	Ordinal0 [0x00AF4D6E+85358]
	Ordinal0 [0x00AF4CF9+85241]
	Ordinal0 [0x00D06F2C+2256684]
	GetHandleVerifier [0x00F92FAC+1478332]
	GetHandleVerifier [0x00F92AFD+1477133]
	GetHandleVerifier [0x00F9AAD8+1509864]
	GetHandleVerifier [0x00F9369E+1480110]
	Ordinal0 [0x00CFD6BD+2217661]
	Ordinal0 [0x00D089AB+2263467]
	Ordinal0 [0x00D08AEF+2263791]
	Ordinal0 [0x00D1D363+2347875]
	BaseThreadInitThunk [0x76B26359+25]
	RtlGetAppContainerNamedObjectPath [0x77188944+228]
	RtlGetAppContainerNamedObjectPath [0x77188914+180]
">
      <![CDATA[org.openqa.selenium.SessionNotCreatedException: session not created
from chrome not reachable
  (Session info: chrome=88.0.4324.146)
Build info: version: '3.14.0', revision: 'aacccce0', time: '2018-08-02T20:19:58.91Z'
System info: host: 'DESKTOP-FEL46G5', ip: '192.168.1.5', os.name: 'Windows 10', os.arch: 'amd64', os.version: '10.0', java.version: '1.8.0_261'
Driver info: driver.version: ChromeDriver
remote stacktrace: Backtrace:
	Ordinal0 [0x00E0ECE3+3337443]
	Ordinal0 [0x00CEF041+2158657]
	Ordinal0 [0x00B76E50+618064]
	Ordinal0 [0x00B6D114+577812]
	Ordinal0 [0x00B6D7DB+579547]
	Ordinal0 [0x00B6EA45+584261]
	Ordinal0 [0x00B69A71+563825]
	Ordinal0 [0x00B77FD0+622544]
	Ordinal0 [0x00B16B2D+224045]
	Ordinal0 [0x00B15BFC+220156]
	Ordinal0 [0x00B1181B+202779]
	Ordinal0 [0x00AF3D74+81268]
	Ordinal0 [0x00AF4D6E+85358]
	Ordinal0 [0x00AF4CF9+85241]
	Ordinal0 [0x00D06F2C+2256684]
	GetHandleVerifier [0x00F92FAC+1478332]
	GetHandleVerifier [0x00F92AFD+1477133]
	GetHandleVerifier [0x00F9AAD8+1509864]
	GetHandleVerifier [0x00F9369E+1480110]
	Ordinal0 [0x00CFD6BD+2217661]
	Ordinal0 [0x00D089AB+2263467]
	Ordinal0 [0x00D08AEF+2263791]
	Ordinal0 [0x00D1D363+2347875]
	BaseThreadInitThunk [0x76B26359+25]
	RtlGetAppContainerNamedObjectPath [0x77188944+228]
	RtlGetAppContainerNamedObjectPath [0x77188914+180]

	at sun.reflect.NativeConstructorAccessorImpl.newInstance0(Native Method)
	at sun.reflect.NativeConstructorAccessorImpl.newInstance(NativeConstructorAccessorImpl.java:62)
	at sun.reflect.DelegatingConstructorAccessorImpl.newInstance(DelegatingConstructorAccessorImpl.java:45)
	at java.lang.reflect.Constructor.newInstance(Constructor.java:423)
	at org.openqa.selenium.remote.W3CHandshakeResponse.lambda$new$0(W3CHandshakeResponse.java:57)
	at org.openqa.selenium.remote.W3CHandshakeResponse.lambda$getResponseFunction$2(W3CHandshakeResponse.java:104)
	at org.openqa.selenium.remote.ProtocolHandshake.lambda$createSession$0(ProtocolHandshake.java:122)
	at java.util.stream.ReferencePipeline$3$1.accept(ReferencePipeline.java:193)
	at java.util.Spliterators$ArraySpliterator.tryAdvance(Spliterators.java:958)
	at java.util.stream.ReferencePipeline.forEachWithCancel(ReferencePipeline.java:126)
	at java.util.stream.AbstractPipeline.copyIntoWithCancel(AbstractPipeline.java:499)
	at java.util.stream.AbstractPipeline.copyInto(AbstractPipeline.java:486)
	at java.util.stream.AbstractPipeline.wrapAndCopyInto(AbstractPipeline.java:472)
	at java.util.stream.FindOps$FindOp.evaluateSequential(FindOps.java:152)
	at java.util.stream.AbstractPipeline.evaluate(AbstractPipeline.java:234)
	at java.util.stream.ReferencePipeline.findFirst(ReferencePipeline.java:464)
	at org.openqa.selenium.remote.ProtocolHandshake.createSession(ProtocolHandshake.java:125)
	at org.openqa.selenium.remote.ProtocolHandshake.createSession(ProtocolHandshake.java:73)
	at org.openqa.selenium.remote.HttpCommandExecutor.execute(HttpCommandExecutor.java:136)
	at org.openqa.selenium.remote.service.DriverCommandExecutor.execute(DriverCommandExecutor.java:83)
	at org.openqa.selenium.remote.RemoteWebDriver.execute(RemoteWebDriver.java:548)
	at org.openqa.selenium.remote.RemoteWebDriver.startSession(RemoteWebDriver.java:212)
	at org.openqa.selenium.remote.RemoteWebDriver.<init>(RemoteWebDriver.java:130)
	at org.openqa.selenium.chrome.ChromeDriver.<init>(ChromeDriver.java:181)
	at org.openqa.selenium.chrome.ChromeDriver.<init>(ChromeDriver.java:168)
	at org.openqa.selenium.chrome.ChromeDriver.<init>(ChromeDriver.java:157)
	at testScripts.GenericCases.Predatacheck(GenericCases.java:58)
	at sun.reflect.NativeMethodAccessorImpl.invoke0(Native Method)
	at sun.reflect.NativeMethodAccessorImpl.invoke(NativeMethodAccessorImpl.java:62)
	at sun.reflect.DelegatingMethodAccessorImpl.invoke(DelegatingMethodAccessorImpl.java:43)
	at java.lang.reflect.Method.invoke(Method.java:498)
	at org.testng.internal.MethodInvocationHelper.invokeMethod(MethodInvocationHelper.java:85)
	at org.testng.internal.Invoker.invokeConfigurationMethod(Invoker.java:510)
	at org.testng.internal.Invoker.invokeConfigurations(Invoker.java:211)
	at org.testng.internal.Invoker.invokeMethod(Invoker.java:585)
	at org.testng.internal.Invoker.invokeTestMethod(Invoker.java:816)
	at org.testng.internal.Invoker.invokeTestMethods(Invoker.java:1124)
	at org.testng.internal.TestMethodWorker.invokeTestMethods(TestMethodWorker.java:125)
	at org.testng.internal.TestMethodWorker.run(TestMethodWorker.java:108)
	at org.testng.TestRunner.privateRun(TestRunner.java:774)
	at org.testng.TestRunner.run(TestRunner.java:624)
	at org.testng.SuiteRunner.runTest(SuiteRunner.java:359)
	at org.testng.SuiteRunner.runSequentially(SuiteRunner.java:354)
	at org.testng.SuiteRunner.privateRun(SuiteRunner.java:312)
	at org.testng.SuiteRunner.run(SuiteRunner.java:261)
	at org.testng.SuiteRunnerWorker.runSuite(SuiteRunnerWorker.java:52)
	at org.testng.SuiteRunnerWorker.run(SuiteRunnerWorker.java:86)
	at org.testng.TestNG.runSuitesSequentially(TestNG.java:1191)
	at org.testng.TestNG.runSuitesLocally(TestNG.java:1116)
	at org.testng.TestNG.run(TestNG.java:1024)
	at org.testng.remote.AbstractRemoteTestNG.run(AbstractRemoteTestNG.java:114)
	at org.testng.remote.RemoteTestNG.initAndRun(RemoteTestNG.java:251)
	at org.testng.remote.RemoteTestNG.main(RemoteTestNG.java:77)
]]>
    </error>
  </testcase> <!-- NewDL_Public -->
</testsuite> <!-- testScripts.GenericCases -->
