<?xml version="1.0" encoding="UTF-8"?>
<!-- Generated by org.testng.reporters.JUnitReportReporter -->
<testsuite hostname="DESKTOP-FEL46G5" name="testScripts.Services" tests="1" failures="1" timestamp="3 Feb 2021 05:24:18 GMT" time="265.625" errors="0">
  <testcase name="DLServices" time="265.625" classname="testScripts.Services">
    <failure type="java.lang.AssertionError" message="expected [true] but found [false]">
      <![CDATA[java.lang.AssertionError: expected [true] but found [false]
	at org.testng.Assert.fail(Assert.java:94)
	at org.testng.Assert.failNotEquals(Assert.java:496)
	at org.testng.Assert.assertEquals(Assert.java:125)
	at org.testng.Assert.assertEquals(Assert.java:288)
	at org.testng.Assert.assertEquals(Assert.java:298)
	at frameworkLibrary.ReportLibrary.reportEvent(ReportLibrary.java:72)
	at applicationPages.NewDLSlotBookingPage.Clickon_ProceedtoBookSlotatDlService(NewDLSlotBookingPage.java:104)
	at applicationPages.NewDLSlotBookingPage.Clickon_ProceedforDLServices(NewDLSlotBookingPage.java:93)
	at applicationPages.Flows.LL_DL_ServiceSlotbooking(Flows.java:421)
	at applicationPages.Flows.Initiate_RTO_Flows(Flows.java:324)
	at applicationPages.Flows.RTOLevel_Status(Flows.java:141)
	at applicationPages.LLFEEPaymentPagee.Clickon_Proceed_Button(LLFEEPaymentPagee.java:121)
	at applicationPages.Flows.FeePayment(Flows.java:397)
	at applicationPages.Flows.Initiate_Public_Flows(Flows.java:163)
	at applicationPages.Flows.Verify_ApplicationCurrentStatus(Flows.java:95)
	at applicationPages.Flows.VerifyFlows(Flows.java:86)
	at applicationPages.DLServices.SelcectService(DLServices.java:1108)
	at applicationPages.DLServices.Continuewithdetails(DLServices.java:1788)
	at applicationPages.DLServices.Clickon_ServicesonDL(DLServices.java:62)
	at applicationPages.DLModule.Validate_Service(DLModule.java:401)
	at testScripts.Services.DLServices(Services.java:32)
	at sun.reflect.NativeMethodAccessorImpl.invoke0(Native Method)
	at sun.reflect.NativeMethodAccessorImpl.invoke(NativeMethodAccessorImpl.java:62)
	at sun.reflect.DelegatingMethodAccessorImpl.invoke(DelegatingMethodAccessorImpl.java:43)
	at java.lang.reflect.Method.invoke(Method.java:498)
	at org.testng.internal.MethodInvocationHelper.invokeMethod(MethodInvocationHelper.java:85)
	at org.testng.internal.Invoker.invokeMethod(Invoker.java:639)
	at org.testng.internal.Invoker.invokeTestMethod(Invoker.java:816)
	at org.testng.internal.Invoker.invokeTestMethods(Invoker.java:1124)
	at org.testng.internal.TestMethodWorker.invokeTestMethods(TestMethodWorker.java:125)
	at org.testng.internal.TestMethodWorker.run(TestMethodWorker.java:108)
	at org.testng.TestRunner.privateRun(TestRunner.java:774)
	at org.testng.TestRunner.run(TestRunner.java:624)
	at org.testng.SuiteRunner.runTest(SuiteRunner.java:359)
	at org.testng.SuiteRunner.runSequentially(SuiteRunner.java:354)
	at org.testng.SuiteRunner.privateRun(SuiteRunner.java:312)
	at org.testng.SuiteRunner.run(SuiteRunner.java:261)
	at org.testng.SuiteRunnerWorker.runSuite(SuiteRunnerWorker.java:52)
	at org.testng.SuiteRunnerWorker.run(SuiteRunnerWorker.java:86)
	at org.testng.TestNG.runSuitesSequentially(TestNG.java:1191)
	at org.testng.TestNG.runSuitesLocally(TestNG.java:1116)
	at org.testng.TestNG.run(TestNG.java:1024)
	at org.testng.remote.AbstractRemoteTestNG.run(AbstractRemoteTestNG.java:114)
	at org.testng.remote.RemoteTestNG.initAndRun(RemoteTestNG.java:251)
	at org.testng.remote.RemoteTestNG.main(RemoteTestNG.java:77)
]]>
    </failure>
  </testcase> <!-- DLServices -->
</testsuite> <!-- testScripts.Services -->
